2019-04-12 14:47:12.878  INFO lj-PC --- [  restartedMain] c.e.l.LdemoApplication                   : Starting LdemoApplication on lj-PC with PID 4184 (E:\springboot\ldemo\target\classes started by Mei in E:\springboot\ldemo)
2019-04-12 14:47:12.895 DEBUG lj-PC --- [  restartedMain] c.e.l.LdemoApplication                   : Running with Spring Boot v2.1.4.RELEASE, Spring v5.1.6.RELEASE
2019-04-12 14:47:12.895  INFO lj-PC --- [  restartedMain] c.e.l.LdemoApplication                   : The following profiles are active: dev
2019-04-12 14:47:13.014  INFO lj-PC --- [  restartedMain] .e.DevToolsPropertyDefaultsPostProcessor : Devtools property defaults active! Set 'spring.devtools.add-properties' to 'false' to disable
2019-04-12 14:47:13.015  INFO lj-PC --- [  restartedMain] .e.DevToolsPropertyDefaultsPostProcessor : For additional web related logging consider setting the 'logging.level.web' property to 'DEBUG'
2019-04-12 14:47:14.976  INFO lj-PC --- [  restartedMain] .s.d.r.c.RepositoryConfigurationDelegate : Bootstrapping Spring Data repositories in DEFAULT mode.
2019-04-12 14:47:15.025  INFO lj-PC --- [  restartedMain] .s.d.r.c.RepositoryConfigurationDelegate : Finished Spring Data repository scanning in 25ms. Found 0 repository interfaces.
2019-04-12 14:47:15.792  INFO lj-PC --- [  restartedMain] trationDelegate$BeanPostProcessorChecker : Bean 'org.springframework.transaction.annotation.ProxyTransactionManagementConfiguration' of type [org.springframework.transaction.annotation.ProxyTransactionManagementConfiguration$$EnhancerBySpringCGLIB$$ab8fa7e0] is not eligible for getting processed by all BeanPostProcessors (for example: not eligible for auto-proxying)
2019-04-12 14:47:17.352  INFO lj-PC --- [  restartedMain] o.s.b.w.e.t.TomcatWebServer              : Tomcat initialized with port(s): 8099 (http)
2019-04-12 14:47:17.387  INFO lj-PC --- [  restartedMain] o.a.c.h.Http11NioProtocol                : Initializing ProtocolHandler ["http-nio-8099"]
2019-04-12 14:47:17.413  INFO lj-PC --- [  restartedMain] o.a.c.c.StandardService                  : Starting service [Tomcat]
2019-04-12 14:47:17.414  INFO lj-PC --- [  restartedMain] o.a.c.c.StandardEngine                   : Starting Servlet engine: [Apache Tomcat/9.0.17]
2019-04-12 14:47:17.716  INFO lj-PC --- [  restartedMain] o.a.c.c.C.[.[.[/]                        : Initializing Spring embedded WebApplicationContext
2019-04-12 14:47:17.717  INFO lj-PC --- [  restartedMain] o.s.w.c.ContextLoader                    : Root WebApplicationContext: initialization completed in 4702 ms
2019-04-12 14:47:18.122  INFO lj-PC --- [  restartedMain] c.z.h.HikariDataSource                   : HikariPool-1 - Starting...
2019-04-12 14:47:18.136  WARN lj-PC --- [  restartedMain] c.z.h.u.DriverDataSource                 : Registered driver with driverClassName=com.mysql.jdbc.Driver was not found, trying direct instantiation.
2019-04-12 14:47:18.483  INFO lj-PC --- [  restartedMain] c.z.h.HikariDataSource                   : HikariPool-1 - Start completed.
2019-04-12 14:47:18.658  INFO lj-PC --- [  restartedMain] o.h.j.i.u.LogHelper                      : HHH000204: Processing PersistenceUnitInfo [
	name: default
	...]
2019-04-12 14:47:18.842  INFO lj-PC --- [  restartedMain] o.h.Version                              : HHH000412: Hibernate Core {5.3.9.Final}
2019-04-12 14:47:18.845  INFO lj-PC --- [  restartedMain] o.h.c.Environment                        : HHH000206: hibernate.properties not found
2019-04-12 14:47:19.181  INFO lj-PC --- [  restartedMain] o.h.a.c.Version                          : HCANN000001: Hibernate Commons Annotations {5.0.4.Final}
2019-04-12 14:47:19.545  INFO lj-PC --- [  restartedMain] o.h.d.Dialect                            : HHH000400: Using dialect: org.hibernate.dialect.MySQL5Dialect
2019-04-12 14:47:20.009  INFO lj-PC --- [  restartedMain] j.LocalContainerEntityManagerFactoryBean : Initialized JPA EntityManagerFactory for persistence unit 'default'
2019-04-12 14:47:20.971  WARN lj-PC --- [  restartedMain] aWebConfiguration$JpaWebMvcConfiguration : spring.jpa.open-in-view is enabled by default. Therefore, database queries may be performed during view rendering. Explicitly configure spring.jpa.open-in-view to disable this warning
2019-04-12 14:47:21.252  INFO lj-PC --- [  restartedMain] pertySourcedRequestMappingHandlerMapping : Mapped URL path [/v2/api-docs] onto method [public org.springframework.http.ResponseEntity<springfox.documentation.spring.web.json.Json> springfox.documentation.swagger2.web.Swagger2Controller.getDocumentation(java.lang.String,javax.servlet.http.HttpServletRequest)]
2019-04-12 14:47:21.539  INFO lj-PC --- [  restartedMain] o.s.s.c.ThreadPoolTaskExecutor           : Initializing ExecutorService 'applicationTaskExecutor'
2019-04-12 14:47:21.611  WARN lj-PC --- [  restartedMain] o.s.b.d.a.OptionalLiveReloadServer       : Unable to start LiveReload server
2019-04-12 14:47:22.173  INFO lj-PC --- [  restartedMain] d.s.w.p.DocumentationPluginsBootstrapper : Context refreshed
2019-04-12 14:47:22.224  INFO lj-PC --- [  restartedMain] d.s.w.p.DocumentationPluginsBootstrapper : Found 1 custom documentation plugin(s)
2019-04-12 14:47:22.287  INFO lj-PC --- [  restartedMain] s.d.s.w.s.ApiListingReferenceScanner     : Scanning for api listing references
2019-04-12 14:47:22.622  INFO lj-PC --- [  restartedMain] o.a.c.h.Http11NioProtocol                : Starting ProtocolHandler ["http-nio-8099"]
2019-04-12 14:47:22.665  INFO lj-PC --- [  restartedMain] o.s.b.w.e.t.TomcatWebServer              : Tomcat started on port(s): 8099 (http) with context path ''
2019-04-12 14:47:22.670  INFO lj-PC --- [  restartedMain] c.e.l.LdemoApplication                   : Started LdemoApplication in 10.749 seconds (JVM running for 12.766)
2019-04-12 14:47:22.674 DEBUG lj-PC --- [  restartedMain] c.e.l.LdemoApplication                   : Debugging log
2019-04-12 14:47:22.674  INFO lj-PC --- [  restartedMain] c.e.l.LdemoApplication                   : Info log
2019-04-12 14:47:22.674  WARN lj-PC --- [  restartedMain] c.e.l.LdemoApplication                   : Hey, This is a warning!
2019-04-12 14:47:22.674 ERROR lj-PC --- [  restartedMain] c.e.l.LdemoApplication                   : Oops! We have an Error. OK
2019-04-12 14:47:22.675 FATAL lj-PC --- [  restartedMain] c.e.l.LdemoApplication                   : Damn! Fatal error. Please fix me.
2019-04-12 14:47:41.763  INFO lj-PC --- [nio-8099-exec-1] o.a.c.c.C.[.[.[/]                        : Initializing Spring DispatcherServlet 'dispatcherServlet'
2019-04-12 14:47:41.763  INFO lj-PC --- [nio-8099-exec-1] o.s.w.s.DispatcherServlet                : Initializing Servlet 'dispatcherServlet'
2019-04-12 14:47:41.775  INFO lj-PC --- [nio-8099-exec-1] o.s.w.s.DispatcherServlet                : Completed initialization in 12 ms
2019-04-12 14:47:42.015 DEBUG lj-PC --- [nio-8099-exec-1] c.e.l.s.HelloService                     : hahahh
2019-04-12 14:47:42.056 DEBUG lj-PC --- [nio-8099-exec-1] c.e.l.d.H.findByUserName                 : ==>  Preparing: select * from user where id = ? 
2019-04-12 14:47:42.110 DEBUG lj-PC --- [nio-8099-exec-1] c.e.l.d.H.findByUserName                 : ==> Parameters: 11(Integer)
2019-04-12 14:47:42.163 DEBUG lj-PC --- [nio-8099-exec-1] c.e.l.d.H.findByUserName                 : <==      Total: 1
2019-04-12 14:47:42.164 DEBUG lj-PC --- [nio-8099-exec-1] c.e.l.d.H.findByUserId                   : ==>  Preparing: SELECT * FROM USER WHERE id = 13 limit 1 
2019-04-12 14:47:42.165 DEBUG lj-PC --- [nio-8099-exec-1] c.e.l.d.H.findByUserId                   : ==> Parameters: 
2019-04-12 14:47:42.167 DEBUG lj-PC --- [nio-8099-exec-1] c.e.l.d.H.findByUserId                   : <==      Total: 1
2019-04-12 14:48:00.464  INFO lj-PC --- [       Thread-2] o.s.s.c.ThreadPoolTaskExecutor           : Shutting down ExecutorService 'applicationTaskExecutor'
2019-04-12 14:48:00.468  INFO lj-PC --- [       Thread-2] j.LocalContainerEntityManagerFactoryBean : Closing JPA EntityManagerFactory for persistence unit 'default'
2019-04-12 14:48:00.474  INFO lj-PC --- [       Thread-2] c.z.h.HikariDataSource                   : HikariPool-1 - Shutdown initiated...
2019-04-12 14:48:00.484  INFO lj-PC --- [       Thread-2] c.z.h.HikariDataSource                   : HikariPool-1 - Shutdown completed.
2019-04-12 14:48:01.546  INFO lj-PC --- [  restartedMain] c.e.l.LdemoApplication                   : Starting LdemoApplication on lj-PC with PID 4184 (E:\springboot\ldemo\target\classes started by Mei in E:\springboot\ldemo)
2019-04-12 14:48:01.546 DEBUG lj-PC --- [  restartedMain] c.e.l.LdemoApplication                   : Running with Spring Boot v2.1.4.RELEASE, Spring v5.1.6.RELEASE
2019-04-12 14:48:01.547  INFO lj-PC --- [  restartedMain] c.e.l.LdemoApplication                   : The following profiles are active: dev
2019-04-12 14:48:02.488  INFO lj-PC --- [  restartedMain] .s.d.r.c.RepositoryConfigurationDelegate : Bootstrapping Spring Data repositories in DEFAULT mode.
2019-04-12 14:48:02.491  INFO lj-PC --- [  restartedMain] .s.d.r.c.RepositoryConfigurationDelegate : Finished Spring Data repository scanning in 3ms. Found 0 repository interfaces.
2019-04-12 14:48:02.611  INFO lj-PC --- [  restartedMain] trationDelegate$BeanPostProcessorChecker : Bean 'org.springframework.transaction.annotation.ProxyTransactionManagementConfiguration' of type [org.springframework.transaction.annotation.ProxyTransactionManagementConfiguration$$EnhancerBySpringCGLIB$$ab8fa7e0] is not eligible for getting processed by all BeanPostProcessors (for example: not eligible for auto-proxying)
2019-04-12 14:48:02.814  INFO lj-PC --- [  restartedMain] o.s.b.w.e.t.TomcatWebServer              : Tomcat initialized with port(s): 8099 (http)
2019-04-12 14:48:02.816  INFO lj-PC --- [  restartedMain] o.a.c.h.Http11NioProtocol                : Initializing ProtocolHandler ["http-nio-8099"]
2019-04-12 14:48:02.816  INFO lj-PC --- [  restartedMain] o.a.c.c.StandardService                  : Starting service [Tomcat]
2019-04-12 14:48:02.817  INFO lj-PC --- [  restartedMain] o.a.c.c.StandardEngine                   : Starting Servlet engine: [Apache Tomcat/9.0.17]
2019-04-12 14:48:02.841  INFO lj-PC --- [  restartedMain] o.a.c.c.C.[.[.[/]                        : Initializing Spring embedded WebApplicationContext
2019-04-12 14:48:02.841  INFO lj-PC --- [  restartedMain] o.s.w.c.ContextLoader                    : Root WebApplicationContext: initialization completed in 1288 ms
2019-04-12 14:48:02.954  INFO lj-PC --- [  restartedMain] c.z.h.HikariDataSource                   : HikariPool-2 - Starting...
2019-04-12 14:48:02.955  WARN lj-PC --- [  restartedMain] c.z.h.u.DriverDataSource                 : Registered driver with driverClassName=com.mysql.jdbc.Driver was not found, trying direct instantiation.
2019-04-12 14:48:02.962  INFO lj-PC --- [  restartedMain] c.z.h.HikariDataSource                   : HikariPool-2 - Start completed.
2019-04-12 14:48:02.974  INFO lj-PC --- [  restartedMain] o.h.j.i.u.LogHelper                      : HHH000204: Processing PersistenceUnitInfo [
	name: default
	...]
2019-04-12 14:48:02.984  INFO lj-PC --- [  restartedMain] o.h.d.Dialect                            : HHH000400: Using dialect: org.hibernate.dialect.MySQL5Dialect
2019-04-12 14:48:03.015  INFO lj-PC --- [  restartedMain] j.LocalContainerEntityManagerFactoryBean : Initialized JPA EntityManagerFactory for persistence unit 'default'
2019-04-12 14:48:03.332  WARN lj-PC --- [  restartedMain] aWebConfiguration$JpaWebMvcConfiguration : spring.jpa.open-in-view is enabled by default. Therefore, database queries may be performed during view rendering. Explicitly configure spring.jpa.open-in-view to disable this warning
2019-04-12 14:48:03.445  INFO lj-PC --- [  restartedMain] pertySourcedRequestMappingHandlerMapping : Mapped URL path [/v2/api-docs] onto method [public org.springframework.http.ResponseEntity<springfox.documentation.spring.web.json.Json> springfox.documentation.swagger2.web.Swagger2Controller.getDocumentation(java.lang.String,javax.servlet.http.HttpServletRequest)]
2019-04-12 14:48:03.599  INFO lj-PC --- [  restartedMain] o.s.s.c.ThreadPoolTaskExecutor           : Initializing ExecutorService 'applicationTaskExecutor'
2019-04-12 14:48:03.610  WARN lj-PC --- [  restartedMain] o.s.b.d.a.OptionalLiveReloadServer       : Unable to start LiveReload server
2019-04-12 14:48:03.790  INFO lj-PC --- [  restartedMain] d.s.w.p.DocumentationPluginsBootstrapper : Context refreshed
2019-04-12 14:48:03.792  INFO lj-PC --- [  restartedMain] d.s.w.p.DocumentationPluginsBootstrapper : Found 1 custom documentation plugin(s)
2019-04-12 14:48:03.799  INFO lj-PC --- [  restartedMain] s.d.s.w.s.ApiListingReferenceScanner     : Scanning for api listing references
2019-04-12 14:48:03.878  INFO lj-PC --- [  restartedMain] o.a.c.h.Http11NioProtocol                : Starting ProtocolHandler ["http-nio-8099"]
2019-04-12 14:48:03.888  INFO lj-PC --- [  restartedMain] o.s.b.w.e.t.TomcatWebServer              : Tomcat started on port(s): 8099 (http) with context path ''
2019-04-12 14:48:03.889  INFO lj-PC --- [  restartedMain] c.e.l.LdemoApplication                   : Started LdemoApplication in 2.475 seconds (JVM running for 53.984)
2019-04-12 14:48:03.892 DEBUG lj-PC --- [  restartedMain] c.e.l.LdemoApplication                   : Debugging log
2019-04-12 14:48:03.892  INFO lj-PC --- [  restartedMain] c.e.l.LdemoApplication                   : Info log
2019-04-12 14:48:03.893  WARN lj-PC --- [  restartedMain] c.e.l.LdemoApplication                   : Hey, This is a warning!
2019-04-12 14:48:03.893 ERROR lj-PC --- [  restartedMain] c.e.l.LdemoApplication                   : Oops! We have an Error. OK
2019-04-12 14:48:03.893 FATAL lj-PC --- [  restartedMain] c.e.l.LdemoApplication                   : Damn! Fatal error. Please fix me.
2019-04-12 14:48:03.896  INFO lj-PC --- [  restartedMain] .ConditionEvaluationDeltaLoggingListener : Condition evaluation unchanged
2019-04-12 14:48:14.846  INFO lj-PC --- [nio-8099-exec-1] o.a.c.c.C.[.[.[/]                        : Initializing Spring DispatcherServlet 'dispatcherServlet'
2019-04-12 14:48:14.846  INFO lj-PC --- [nio-8099-exec-1] o.s.w.s.DispatcherServlet                : Initializing Servlet 'dispatcherServlet'
2019-04-12 14:48:14.859  INFO lj-PC --- [nio-8099-exec-1] o.s.w.s.DispatcherServlet                : Completed initialization in 13 ms
2019-04-12 14:48:14.888 DEBUG lj-PC --- [nio-8099-exec-1] c.e.l.s.HelloService                     : hahahh
2019-04-12 14:48:14.891 DEBUG lj-PC --- [nio-8099-exec-1] c.e.l.d.H.findByUserName                 : ==>  Preparing: select * from user where id = ? 
2019-04-12 14:48:14.892 DEBUG lj-PC --- [nio-8099-exec-1] c.e.l.d.H.findByUserName                 : ==> Parameters: 11(Integer)
2019-04-12 14:48:14.897 DEBUG lj-PC --- [nio-8099-exec-1] c.e.l.d.H.findByUserName                 : <==      Total: 1
2019-04-12 14:48:14.899 DEBUG lj-PC --- [nio-8099-exec-1] c.e.l.d.H.findByUserId                   : ==>  Preparing: SELECT * FROM USER WHERE id = 13 limit 1 
2019-04-12 14:48:14.899 DEBUG lj-PC --- [nio-8099-exec-1] c.e.l.d.H.findByUserId                   : ==> Parameters: 
2019-04-12 14:48:14.904 DEBUG lj-PC --- [nio-8099-exec-1] c.e.l.d.H.findByUserId                   : <==      Total: 1
2019-04-12 14:48:15.052 DEBUG lj-PC --- [nio-8099-exec-2] c.e.l.s.HelloService                     : hahahh
2019-04-12 14:48:15.053 DEBUG lj-PC --- [nio-8099-exec-2] c.e.l.d.H.findByUserName                 : ==>  Preparing: select * from user where id = ? 
2019-04-12 14:48:15.053 DEBUG lj-PC --- [nio-8099-exec-2] c.e.l.d.H.findByUserName                 : ==> Parameters: 11(Integer)
2019-04-12 14:48:15.056 DEBUG lj-PC --- [nio-8099-exec-2] c.e.l.d.H.findByUserName                 : <==      Total: 1
2019-04-12 14:48:15.057 DEBUG lj-PC --- [nio-8099-exec-2] c.e.l.d.H.findByUserId                   : ==>  Preparing: SELECT * FROM USER WHERE id = 13 limit 1 
2019-04-12 14:48:15.057 DEBUG lj-PC --- [nio-8099-exec-2] c.e.l.d.H.findByUserId                   : ==> Parameters: 
2019-04-12 14:48:15.059 DEBUG lj-PC --- [nio-8099-exec-2] c.e.l.d.H.findByUserId                   : <==      Total: 1
2019-04-12 14:48:15.298 DEBUG lj-PC --- [nio-8099-exec-3] c.e.l.s.HelloService                     : hahahh
2019-04-12 14:48:15.298 DEBUG lj-PC --- [nio-8099-exec-3] c.e.l.d.H.findByUserName                 : ==>  Preparing: select * from user where id = ? 
2019-04-12 14:48:15.299 DEBUG lj-PC --- [nio-8099-exec-3] c.e.l.d.H.findByUserName                 : ==> Parameters: 11(Integer)
2019-04-12 14:48:15.303 DEBUG lj-PC --- [nio-8099-exec-3] c.e.l.d.H.findByUserName                 : <==      Total: 1
2019-04-12 14:48:15.303 DEBUG lj-PC --- [nio-8099-exec-3] c.e.l.d.H.findByUserId                   : ==>  Preparing: SELECT * FROM USER WHERE id = 13 limit 1 
2019-04-12 14:48:15.304 DEBUG lj-PC --- [nio-8099-exec-3] c.e.l.d.H.findByUserId                   : ==> Parameters: 
2019-04-12 14:48:15.308 DEBUG lj-PC --- [nio-8099-exec-3] c.e.l.d.H.findByUserId                   : <==      Total: 1
2019-04-12 14:48:15.468 DEBUG lj-PC --- [nio-8099-exec-5] c.e.l.s.HelloService                     : hahahh
2019-04-12 14:48:15.469 DEBUG lj-PC --- [nio-8099-exec-5] c.e.l.d.H.findByUserName                 : ==>  Preparing: select * from user where id = ? 
2019-04-12 14:48:15.469 DEBUG lj-PC --- [nio-8099-exec-5] c.e.l.d.H.findByUserName                 : ==> Parameters: 11(Integer)
2019-04-12 14:48:15.470 DEBUG lj-PC --- [nio-8099-exec-5] c.e.l.d.H.findByUserName                 : <==      Total: 1
2019-04-12 14:48:15.471 DEBUG lj-PC --- [nio-8099-exec-5] c.e.l.d.H.findByUserId                   : ==>  Preparing: SELECT * FROM USER WHERE id = 13 limit 1 
2019-04-12 14:48:15.471 DEBUG lj-PC --- [nio-8099-exec-5] c.e.l.d.H.findByUserId                   : ==> Parameters: 
2019-04-12 14:48:15.473 DEBUG lj-PC --- [nio-8099-exec-5] c.e.l.d.H.findByUserId                   : <==      Total: 1
2019-04-12 14:48:15.667 DEBUG lj-PC --- [nio-8099-exec-4] c.e.l.s.HelloService                     : hahahh
2019-04-12 14:48:15.668 DEBUG lj-PC --- [nio-8099-exec-4] c.e.l.d.H.findByUserName                 : ==>  Preparing: select * from user where id = ? 
2019-04-12 14:48:15.668 DEBUG lj-PC --- [nio-8099-exec-4] c.e.l.d.H.findByUserName                 : ==> Parameters: 11(Integer)
2019-04-12 14:48:15.670 DEBUG lj-PC --- [nio-8099-exec-4] c.e.l.d.H.findByUserName                 : <==      Total: 1
2019-04-12 14:48:15.671 DEBUG lj-PC --- [nio-8099-exec-4] c.e.l.d.H.findByUserId                   : ==>  Preparing: SELECT * FROM USER WHERE id = 13 limit 1 
2019-04-12 14:48:15.671 DEBUG lj-PC --- [nio-8099-exec-4] c.e.l.d.H.findByUserId                   : ==> Parameters: 
2019-04-12 14:48:15.673 DEBUG lj-PC --- [nio-8099-exec-4] c.e.l.d.H.findByUserId                   : <==      Total: 1
2019-04-12 14:48:53.267  INFO lj-PC --- [       Thread-8] o.s.s.c.ThreadPoolTaskExecutor           : Shutting down ExecutorService 'applicationTaskExecutor'
2019-04-12 14:48:53.268  INFO lj-PC --- [       Thread-8] j.LocalContainerEntityManagerFactoryBean : Closing JPA EntityManagerFactory for persistence unit 'default'
2019-04-12 14:48:53.269  INFO lj-PC --- [       Thread-8] c.z.h.HikariDataSource                   : HikariPool-2 - Shutdown initiated...
2019-04-12 14:48:53.279  INFO lj-PC --- [       Thread-8] c.z.h.HikariDataSource                   : HikariPool-2 - Shutdown completed.
2019-04-12 14:48:54.244  INFO lj-PC --- [  restartedMain] c.e.l.LdemoApplication                   : Starting LdemoApplication on lj-PC with PID 4184 (E:\springboot\ldemo\target\classes started by Mei in E:\springboot\ldemo)
2019-04-12 14:48:54.244 DEBUG lj-PC --- [  restartedMain] c.e.l.LdemoApplication                   : Running with Spring Boot v2.1.4.RELEASE, Spring v5.1.6.RELEASE
2019-04-12 14:48:54.244  INFO lj-PC --- [  restartedMain] c.e.l.LdemoApplication                   : The following profiles are active: dev
2019-04-12 14:48:55.261  INFO lj-PC --- [  restartedMain] .s.d.r.c.RepositoryConfigurationDelegate : Bootstrapping Spring Data repositories in DEFAULT mode.
2019-04-12 14:48:55.264  INFO lj-PC --- [  restartedMain] .s.d.r.c.RepositoryConfigurationDelegate : Finished Spring Data repository scanning in 3ms. Found 0 repository interfaces.
2019-04-12 14:48:55.396  INFO lj-PC --- [  restartedMain] trationDelegate$BeanPostProcessorChecker : Bean 'org.springframework.transaction.annotation.ProxyTransactionManagementConfiguration' of type [org.springframework.transaction.annotation.ProxyTransactionManagementConfiguration$$EnhancerBySpringCGLIB$$ab8fa7e0] is not eligible for getting processed by all BeanPostProcessors (for example: not eligible for auto-proxying)
2019-04-12 14:48:55.597  INFO lj-PC --- [  restartedMain] o.s.b.w.e.t.TomcatWebServer              : Tomcat initialized with port(s): 8099 (http)
2019-04-12 14:48:55.599  INFO lj-PC --- [  restartedMain] o.a.c.h.Http11NioProtocol                : Initializing ProtocolHandler ["http-nio-8099"]
2019-04-12 14:48:55.599  INFO lj-PC --- [  restartedMain] o.a.c.c.StandardService                  : Starting service [Tomcat]
2019-04-12 14:48:55.599  INFO lj-PC --- [  restartedMain] o.a.c.c.StandardEngine                   : Starting Servlet engine: [Apache Tomcat/9.0.17]
2019-04-12 14:48:55.622  INFO lj-PC --- [  restartedMain] o.a.c.c.C.[.[.[/]                        : Initializing Spring embedded WebApplicationContext
2019-04-12 14:48:55.623  INFO lj-PC --- [  restartedMain] o.s.w.c.ContextLoader                    : Root WebApplicationContext: initialization completed in 1370 ms
2019-04-12 14:48:55.734  INFO lj-PC --- [  restartedMain] c.z.h.HikariDataSource                   : HikariPool-3 - Starting...
2019-04-12 14:48:55.734  WARN lj-PC --- [  restartedMain] c.z.h.u.DriverDataSource                 : Registered driver with driverClassName=com.mysql.jdbc.Driver was not found, trying direct instantiation.
2019-04-12 14:48:55.741  INFO lj-PC --- [  restartedMain] c.z.h.HikariDataSource                   : HikariPool-3 - Start completed.
2019-04-12 14:48:55.748  INFO lj-PC --- [  restartedMain] o.h.j.i.u.LogHelper                      : HHH000204: Processing PersistenceUnitInfo [
	name: default
	...]
2019-04-12 14:48:55.758  INFO lj-PC --- [  restartedMain] o.h.d.Dialect                            : HHH000400: Using dialect: org.hibernate.dialect.MySQL5Dialect
2019-04-12 14:48:55.780  INFO lj-PC --- [  restartedMain] j.LocalContainerEntityManagerFactoryBean : Initialized JPA EntityManagerFactory for persistence unit 'default'
2019-04-12 14:48:56.074  WARN lj-PC --- [  restartedMain] aWebConfiguration$JpaWebMvcConfiguration : spring.jpa.open-in-view is enabled by default. Therefore, database queries may be performed during view rendering. Explicitly configure spring.jpa.open-in-view to disable this warning
2019-04-12 14:48:56.173  INFO lj-PC --- [  restartedMain] pertySourcedRequestMappingHandlerMapping : Mapped URL path [/v2/api-docs] onto method [public org.springframework.http.ResponseEntity<springfox.documentation.spring.web.json.Json> springfox.documentation.swagger2.web.Swagger2Controller.getDocumentation(java.lang.String,javax.servlet.http.HttpServletRequest)]
2019-04-12 14:48:56.276  INFO lj-PC --- [  restartedMain] o.s.s.c.ThreadPoolTaskExecutor           : Initializing ExecutorService 'applicationTaskExecutor'
2019-04-12 14:48:56.287  WARN lj-PC --- [  restartedMain] o.s.b.d.a.OptionalLiveReloadServer       : Unable to start LiveReload server
2019-04-12 14:48:56.446  INFO lj-PC --- [  restartedMain] d.s.w.p.DocumentationPluginsBootstrapper : Context refreshed
2019-04-12 14:48:56.447  INFO lj-PC --- [  restartedMain] d.s.w.p.DocumentationPluginsBootstrapper : Found 1 custom documentation plugin(s)
2019-04-12 14:48:56.458  INFO lj-PC --- [  restartedMain] s.d.s.w.s.ApiListingReferenceScanner     : Scanning for api listing references
2019-04-12 14:48:56.548  INFO lj-PC --- [  restartedMain] o.a.c.h.Http11NioProtocol                : Starting ProtocolHandler ["http-nio-8099"]
2019-04-12 14:48:56.559  INFO lj-PC --- [  restartedMain] o.s.b.w.e.t.TomcatWebServer              : Tomcat started on port(s): 8099 (http) with context path ''
2019-04-12 14:48:56.560  INFO lj-PC --- [  restartedMain] c.e.l.LdemoApplication                   : Started LdemoApplication in 2.444 seconds (JVM running for 106.654)
2019-04-12 14:48:56.564 DEBUG lj-PC --- [  restartedMain] c.e.l.LdemoApplication                   : Debugging log
2019-04-12 14:48:56.564  INFO lj-PC --- [  restartedMain] c.e.l.LdemoApplication                   : Info log
2019-04-12 14:48:56.564  WARN lj-PC --- [  restartedMain] c.e.l.LdemoApplication                   : Hey, This is a warning!
2019-04-12 14:48:56.565 ERROR lj-PC --- [  restartedMain] c.e.l.LdemoApplication                   : Oops! We have an Error. OK
2019-04-12 14:48:56.565 FATAL lj-PC --- [  restartedMain] c.e.l.LdemoApplication                   : Damn! Fatal error. Please fix me.
2019-04-12 14:48:56.567  INFO lj-PC --- [  restartedMain] .ConditionEvaluationDeltaLoggingListener : Condition evaluation unchanged
2019-04-12 14:49:07.766  INFO lj-PC --- [nio-8099-exec-1] o.a.c.c.C.[.[.[/]                        : Initializing Spring DispatcherServlet 'dispatcherServlet'
2019-04-12 14:49:07.766  INFO lj-PC --- [nio-8099-exec-1] o.s.w.s.DispatcherServlet                : Initializing Servlet 'dispatcherServlet'
2019-04-12 14:49:07.777  INFO lj-PC --- [nio-8099-exec-1] o.s.w.s.DispatcherServlet                : Completed initialization in 11 ms
2019-04-12 14:49:07.790 DEBUG lj-PC --- [nio-8099-exec-1] c.e.l.s.HelloService                     : hahahh
2019-04-12 14:49:07.793 DEBUG lj-PC --- [nio-8099-exec-1] c.e.l.d.H.findByUserName                 : ==>  Preparing: select * from user where id = ? 
2019-04-12 14:49:07.793 DEBUG lj-PC --- [nio-8099-exec-1] c.e.l.d.H.findByUserName                 : ==> Parameters: 11(Integer)
2019-04-12 14:49:07.795 DEBUG lj-PC --- [nio-8099-exec-1] c.e.l.d.H.findByUserName                 : <==      Total: 1
2019-04-12 14:49:07.797 DEBUG lj-PC --- [nio-8099-exec-1] c.e.l.d.H.findByUserId                   : ==>  Preparing: SELECT * FROM USER WHERE id = 13 limit 1 
2019-04-12 14:49:07.797 DEBUG lj-PC --- [nio-8099-exec-1] c.e.l.d.H.findByUserId                   : ==> Parameters: 
2019-04-12 14:49:07.799 DEBUG lj-PC --- [nio-8099-exec-1] c.e.l.d.H.findByUserId                   : <==      Total: 1
2019-04-12 14:49:08.037 DEBUG lj-PC --- [nio-8099-exec-3] c.e.l.s.HelloService                     : hahahh
2019-04-12 14:49:08.038 DEBUG lj-PC --- [nio-8099-exec-3] c.e.l.d.H.findByUserName                 : ==>  Preparing: select * from user where id = ? 
2019-04-12 14:49:08.039 DEBUG lj-PC --- [nio-8099-exec-3] c.e.l.d.H.findByUserName                 : ==> Parameters: 11(Integer)
2019-04-12 14:49:08.041 DEBUG lj-PC --- [nio-8099-exec-3] c.e.l.d.H.findByUserName                 : <==      Total: 1
2019-04-12 14:49:08.042 DEBUG lj-PC --- [nio-8099-exec-3] c.e.l.d.H.findByUserId                   : ==>  Preparing: SELECT * FROM USER WHERE id = 13 limit 1 
2019-04-12 14:49:08.042 DEBUG lj-PC --- [nio-8099-exec-3] c.e.l.d.H.findByUserId                   : ==> Parameters: 
2019-04-12 14:49:08.047 DEBUG lj-PC --- [nio-8099-exec-3] c.e.l.d.H.findByUserId                   : <==      Total: 1
2019-04-12 14:49:08.255 DEBUG lj-PC --- [nio-8099-exec-2] c.e.l.s.HelloService                     : hahahh
2019-04-12 14:49:08.255 DEBUG lj-PC --- [nio-8099-exec-2] c.e.l.d.H.findByUserName                 : ==>  Preparing: select * from user where id = ? 
2019-04-12 14:49:08.256 DEBUG lj-PC --- [nio-8099-exec-2] c.e.l.d.H.findByUserName                 : ==> Parameters: 11(Integer)
2019-04-12 14:49:08.259 DEBUG lj-PC --- [nio-8099-exec-2] c.e.l.d.H.findByUserName                 : <==      Total: 1
2019-04-12 14:49:08.259 DEBUG lj-PC --- [nio-8099-exec-2] c.e.l.d.H.findByUserId                   : ==>  Preparing: SELECT * FROM USER WHERE id = 13 limit 1 
2019-04-12 14:49:08.259 DEBUG lj-PC --- [nio-8099-exec-2] c.e.l.d.H.findByUserId                   : ==> Parameters: 
2019-04-12 14:49:08.261 DEBUG lj-PC --- [nio-8099-exec-2] c.e.l.d.H.findByUserId                   : <==      Total: 1
2019-04-12 14:49:34.527 DEBUG lj-PC --- [nio-8099-exec-9] c.e.l.s.HelloService                     : hahahh
2019-04-12 14:49:34.528 DEBUG lj-PC --- [nio-8099-exec-9] c.e.l.d.H.findByUserName                 : ==>  Preparing: select * from user where id = ? 
2019-04-12 14:49:34.528 DEBUG lj-PC --- [nio-8099-exec-9] c.e.l.d.H.findByUserName                 : ==> Parameters: 11(Integer)
2019-04-12 14:49:34.530 DEBUG lj-PC --- [nio-8099-exec-9] c.e.l.d.H.findByUserName                 : <==      Total: 1
2019-04-12 14:49:34.530 DEBUG lj-PC --- [nio-8099-exec-9] c.e.l.d.H.findByUserId                   : ==>  Preparing: SELECT * FROM USER WHERE id = 13 limit 1 
2019-04-12 14:49:34.530 DEBUG lj-PC --- [nio-8099-exec-9] c.e.l.d.H.findByUserId                   : ==> Parameters: 
2019-04-12 14:49:34.532 DEBUG lj-PC --- [nio-8099-exec-9] c.e.l.d.H.findByUserId                   : <==      Total: 1
2019-04-12 14:49:35.131 DEBUG lj-PC --- [nio-8099-exec-4] c.e.l.s.HelloService                     : hahahh
2019-04-12 14:49:35.132 DEBUG lj-PC --- [nio-8099-exec-4] c.e.l.d.H.findByUserName                 : ==>  Preparing: select * from user where id = ? 
2019-04-12 14:49:35.133 DEBUG lj-PC --- [nio-8099-exec-4] c.e.l.d.H.findByUserName                 : ==> Parameters: 11(Integer)
2019-04-12 14:49:35.135 DEBUG lj-PC --- [nio-8099-exec-4] c.e.l.d.H.findByUserName                 : <==      Total: 1
2019-04-12 14:49:35.136 DEBUG lj-PC --- [nio-8099-exec-4] c.e.l.d.H.findByUserId                   : ==>  Preparing: SELECT * FROM USER WHERE id = 13 limit 1 
2019-04-12 14:49:35.136 DEBUG lj-PC --- [nio-8099-exec-4] c.e.l.d.H.findByUserId                   : ==> Parameters: 
2019-04-12 14:49:35.137 DEBUG lj-PC --- [nio-8099-exec-4] c.e.l.d.H.findByUserId                   : <==      Total: 1
2019-04-12 14:49:35.341 DEBUG lj-PC --- [io-8099-exec-10] c.e.l.s.HelloService                     : hahahh
2019-04-12 14:49:35.341 DEBUG lj-PC --- [io-8099-exec-10] c.e.l.d.H.findByUserName                 : ==>  Preparing: select * from user where id = ? 
2019-04-12 14:49:35.341 DEBUG lj-PC --- [io-8099-exec-10] c.e.l.d.H.findByUserName                 : ==> Parameters: 11(Integer)
2019-04-12 14:49:35.345 DEBUG lj-PC --- [io-8099-exec-10] c.e.l.d.H.findByUserName                 : <==      Total: 1
2019-04-12 14:49:35.346 DEBUG lj-PC --- [io-8099-exec-10] c.e.l.d.H.findByUserId                   : ==>  Preparing: SELECT * FROM USER WHERE id = 13 limit 1 
2019-04-12 14:49:35.346 DEBUG lj-PC --- [io-8099-exec-10] c.e.l.d.H.findByUserId                   : ==> Parameters: 
2019-04-12 14:49:35.348 DEBUG lj-PC --- [io-8099-exec-10] c.e.l.d.H.findByUserId                   : <==      Total: 1
2019-04-12 14:58:14.958  INFO lj-PC --- [      Thread-14] o.s.s.c.ThreadPoolTaskExecutor           : Shutting down ExecutorService 'applicationTaskExecutor'
2019-04-12 14:58:14.960  INFO lj-PC --- [      Thread-14] j.LocalContainerEntityManagerFactoryBean : Closing JPA EntityManagerFactory for persistence unit 'default'
2019-04-12 14:58:14.961  INFO lj-PC --- [      Thread-14] c.z.h.HikariDataSource                   : HikariPool-3 - Shutdown initiated...
2019-04-12 14:58:14.983  INFO lj-PC --- [      Thread-14] c.z.h.HikariDataSource                   : HikariPool-3 - Shutdown completed.
2019-04-12 14:58:16.261  INFO lj-PC --- [  restartedMain] c.e.l.LdemoApplication                   : Starting LdemoApplication on lj-PC with PID 4184 (E:\springboot\ldemo\target\classes started by Mei in E:\springboot\ldemo)
2019-04-12 14:58:16.262 DEBUG lj-PC --- [  restartedMain] c.e.l.LdemoApplication                   : Running with Spring Boot v2.1.4.RELEASE, Spring v5.1.6.RELEASE
2019-04-12 14:58:16.262  INFO lj-PC --- [  restartedMain] c.e.l.LdemoApplication                   : The following profiles are active: dev
2019-04-12 14:58:17.416  INFO lj-PC --- [  restartedMain] .s.d.r.c.RepositoryConfigurationDelegate : Bootstrapping Spring Data repositories in DEFAULT mode.
2019-04-12 14:58:17.419  INFO lj-PC --- [  restartedMain] .s.d.r.c.RepositoryConfigurationDelegate : Finished Spring Data repository scanning in 3ms. Found 0 repository interfaces.
2019-04-12 14:58:17.537  INFO lj-PC --- [  restartedMain] trationDelegate$BeanPostProcessorChecker : Bean 'org.springframework.transaction.annotation.ProxyTransactionManagementConfiguration' of type [org.springframework.transaction.annotation.ProxyTransactionManagementConfiguration$$EnhancerBySpringCGLIB$$ab8fa7e0] is not eligible for getting processed by all BeanPostProcessors (for example: not eligible for auto-proxying)
2019-04-12 14:58:17.741  INFO lj-PC --- [  restartedMain] o.s.b.w.e.t.TomcatWebServer              : Tomcat initialized with port(s): 8099 (http)
2019-04-12 14:58:17.742  INFO lj-PC --- [  restartedMain] o.a.c.h.Http11NioProtocol                : Initializing ProtocolHandler ["http-nio-8099"]
2019-04-12 14:58:17.743  INFO lj-PC --- [  restartedMain] o.a.c.c.StandardService                  : Starting service [Tomcat]
2019-04-12 14:58:17.743  INFO lj-PC --- [  restartedMain] o.a.c.c.StandardEngine                   : Starting Servlet engine: [Apache Tomcat/9.0.17]
2019-04-12 14:58:17.774  INFO lj-PC --- [  restartedMain] o.a.c.c.C.[.[.[/]                        : Initializing Spring embedded WebApplicationContext
2019-04-12 14:58:17.774  INFO lj-PC --- [  restartedMain] o.s.w.c.ContextLoader                    : Root WebApplicationContext: initialization completed in 1501 ms
2019-04-12 14:58:17.887  INFO lj-PC --- [  restartedMain] c.z.h.HikariDataSource                   : HikariPool-4 - Starting...
2019-04-12 14:58:17.887  WARN lj-PC --- [  restartedMain] c.z.h.u.DriverDataSource                 : Registered driver with driverClassName=com.mysql.jdbc.Driver was not found, trying direct instantiation.
2019-04-12 14:58:17.894  INFO lj-PC --- [  restartedMain] c.z.h.HikariDataSource                   : HikariPool-4 - Start completed.
2019-04-12 14:58:17.905  INFO lj-PC --- [  restartedMain] o.h.j.i.u.LogHelper                      : HHH000204: Processing PersistenceUnitInfo [
	name: default
	...]
2019-04-12 14:58:17.915  INFO lj-PC --- [  restartedMain] o.h.d.Dialect                            : HHH000400: Using dialect: org.hibernate.dialect.MySQL5Dialect
2019-04-12 14:58:17.941  INFO lj-PC --- [  restartedMain] j.LocalContainerEntityManagerFactoryBean : Initialized JPA EntityManagerFactory for persistence unit 'default'
2019-04-12 14:58:18.278  WARN lj-PC --- [  restartedMain] aWebConfiguration$JpaWebMvcConfiguration : spring.jpa.open-in-view is enabled by default. Therefore, database queries may be performed during view rendering. Explicitly configure spring.jpa.open-in-view to disable this warning
2019-04-12 14:58:18.386  INFO lj-PC --- [  restartedMain] pertySourcedRequestMappingHandlerMapping : Mapped URL path [/v2/api-docs] onto method [public org.springframework.http.ResponseEntity<springfox.documentation.spring.web.json.Json> springfox.documentation.swagger2.web.Swagger2Controller.getDocumentation(java.lang.String,javax.servlet.http.HttpServletRequest)]
2019-04-12 14:58:18.506  INFO lj-PC --- [  restartedMain] o.s.s.c.ThreadPoolTaskExecutor           : Initializing ExecutorService 'applicationTaskExecutor'
2019-04-12 14:58:18.519  WARN lj-PC --- [  restartedMain] o.s.b.d.a.OptionalLiveReloadServer       : Unable to start LiveReload server
2019-04-12 14:58:18.701  INFO lj-PC --- [  restartedMain] d.s.w.p.DocumentationPluginsBootstrapper : Context refreshed
2019-04-12 14:58:18.702  INFO lj-PC --- [  restartedMain] d.s.w.p.DocumentationPluginsBootstrapper : Found 1 custom documentation plugin(s)
2019-04-12 14:58:18.709  INFO lj-PC --- [  restartedMain] s.d.s.w.s.ApiListingReferenceScanner     : Scanning for api listing references
2019-04-12 14:58:18.777  INFO lj-PC --- [  restartedMain] o.a.c.h.Http11NioProtocol                : Starting ProtocolHandler ["http-nio-8099"]
2019-04-12 14:58:18.785  INFO lj-PC --- [  restartedMain] o.s.b.w.e.t.TomcatWebServer              : Tomcat started on port(s): 8099 (http) with context path ''
2019-04-12 14:58:18.786  INFO lj-PC --- [  restartedMain] c.e.l.LdemoApplication                   : Started LdemoApplication in 2.731 seconds (JVM running for 668.875)
2019-04-12 14:58:18.788 DEBUG lj-PC --- [  restartedMain] c.e.l.LdemoApplication                   : Debugging log
2019-04-12 14:58:18.788  INFO lj-PC --- [  restartedMain] c.e.l.LdemoApplication                   : Info log
2019-04-12 14:58:18.788  WARN lj-PC --- [  restartedMain] c.e.l.LdemoApplication                   : Hey, This is a warning!
2019-04-12 14:58:18.788 ERROR lj-PC --- [  restartedMain] c.e.l.LdemoApplication                   : Oops! We have an Error. OK
2019-04-12 14:58:18.788 FATAL lj-PC --- [  restartedMain] c.e.l.LdemoApplication                   : Damn! Fatal error. Please fix me.
2019-04-12 14:58:18.790  INFO lj-PC --- [  restartedMain] .ConditionEvaluationDeltaLoggingListener : Condition evaluation unchanged
2019-04-12 14:58:23.881  INFO lj-PC --- [nio-8099-exec-1] o.a.c.c.C.[.[.[/]                        : Initializing Spring DispatcherServlet 'dispatcherServlet'
2019-04-12 14:58:23.882  INFO lj-PC --- [nio-8099-exec-1] o.s.w.s.DispatcherServlet                : Initializing Servlet 'dispatcherServlet'
2019-04-12 14:58:23.890  INFO lj-PC --- [nio-8099-exec-1] o.s.w.s.DispatcherServlet                : Completed initialization in 7 ms
2019-04-12 14:58:23.907 DEBUG lj-PC --- [nio-8099-exec-1] c.e.l.s.HelloService                     : hahahh
2019-04-12 14:58:23.910 DEBUG lj-PC --- [nio-8099-exec-1] c.e.l.d.H.findByUserName                 : ==>  Preparing: select * from user where id = ? 
2019-04-12 14:58:23.911 DEBUG lj-PC --- [nio-8099-exec-1] c.e.l.d.H.findByUserName                 : ==> Parameters: 11(Integer)
2019-04-12 14:58:23.915 DEBUG lj-PC --- [nio-8099-exec-1] c.e.l.d.H.findByUserName                 : <==      Total: 1
2019-04-12 14:58:23.916 DEBUG lj-PC --- [nio-8099-exec-1] c.e.l.d.H.findByUserId                   : ==>  Preparing: SELECT * FROM USER WHERE id = 13 limit 1 
2019-04-12 14:58:23.916 DEBUG lj-PC --- [nio-8099-exec-1] c.e.l.d.H.findByUserId                   : ==> Parameters: 
2019-04-12 14:58:23.918 DEBUG lj-PC --- [nio-8099-exec-1] c.e.l.d.H.findByUserId                   : <==      Total: 1
2019-04-12 14:58:24.639 DEBUG lj-PC --- [nio-8099-exec-2] c.e.l.s.HelloService                     : hahahh
2019-04-12 14:58:24.642 DEBUG lj-PC --- [nio-8099-exec-2] c.e.l.d.H.findByUserName                 : ==>  Preparing: select * from user where id = ? 
2019-04-12 14:58:24.642 DEBUG lj-PC --- [nio-8099-exec-2] c.e.l.d.H.findByUserName                 : ==> Parameters: 11(Integer)
2019-04-12 14:58:24.646 DEBUG lj-PC --- [nio-8099-exec-2] c.e.l.d.H.findByUserName                 : <==      Total: 1
2019-04-12 14:58:24.646 DEBUG lj-PC --- [nio-8099-exec-2] c.e.l.d.H.findByUserId                   : ==>  Preparing: SELECT * FROM USER WHERE id = 13 limit 1 
2019-04-12 14:58:24.646 DEBUG lj-PC --- [nio-8099-exec-2] c.e.l.d.H.findByUserId                   : ==> Parameters: 
2019-04-12 14:58:24.648 DEBUG lj-PC --- [nio-8099-exec-2] c.e.l.d.H.findByUserId                   : <==      Total: 1
2019-04-12 15:00:49.513  INFO lj-PC --- [      Thread-20] o.s.s.c.ThreadPoolTaskExecutor           : Shutting down ExecutorService 'applicationTaskExecutor'
2019-04-12 15:00:49.515  INFO lj-PC --- [      Thread-20] j.LocalContainerEntityManagerFactoryBean : Closing JPA EntityManagerFactory for persistence unit 'default'
2019-04-12 15:00:49.515  INFO lj-PC --- [      Thread-20] c.z.h.HikariDataSource                   : HikariPool-4 - Shutdown initiated...
2019-04-12 15:00:49.526  INFO lj-PC --- [      Thread-20] c.z.h.HikariDataSource                   : HikariPool-4 - Shutdown completed.
